<?xml version="1.0" encoding="UTF-8"?>
<testsuite xmlns:xsi="http://www.w3.org/2001/XMLSchema-instance" xsi:noNamespaceSchemaLocation="https://maven.apache.org/surefire/maven-surefire-plugin/xsd/surefire-test-report-3.0.xsd" version="3.0" name="org.example.junit5.StepTest" time="0.157" tests="2" errors="0" skipped="0" failures="0">
  <properties>
    <property name="java.specification.version" value="22"/>
    <property name="sun.cpu.isalist" value="amd64"/>
    <property name="sun.jnu.encoding" value="Cp1251"/>
    <property name="java.class.path" value="C:\Users\Дмитрий\allure-testops\project1\target\test-classes;C:\Users\Дмитрий\allure-testops\project1\target\classes;C:\Users\Дмитрий\.m2\repository\io\qameta\allure\allure-junit5\2.26.0\allure-junit5-2.26.0.jar;C:\Users\Дмитрий\.m2\repository\io\qameta\allure\allure-junit-platform\2.26.0\allure-junit-platform-2.26.0.jar;C:\Users\Дмитрий\.m2\repository\io\qameta\allure\allure-java-commons\2.26.0\allure-java-commons-2.26.0.jar;C:\Users\Дмитрий\.m2\repository\io\qameta\allure\allure-model\2.26.0\allure-model-2.26.0.jar;C:\Users\Дмитрий\.m2\repository\io\qameta\allure\allure-test-filter\2.26.0\allure-test-filter-2.26.0.jar;C:\Users\Дмитрий\.m2\repository\org\junit\jupiter\junit-jupiter-api\5.10.2\junit-jupiter-api-5.10.2.jar;C:\Users\Дмитрий\.m2\repository\org\opentest4j\opentest4j\1.3.0\opentest4j-1.3.0.jar;C:\Users\Дмитрий\.m2\repository\org\junit\platform\junit-platform-commons\1.10.2\junit-platform-commons-1.10.2.jar;C:\Users\Дмитрий\.m2\repository\org\apiguardian\apiguardian-api\1.1.2\apiguardian-api-1.1.2.jar;C:\Users\Дмитрий\.m2\repository\org\junit\platform\junit-platform-launcher\1.10.2\junit-platform-launcher-1.10.2.jar;C:\Users\Дмитрий\.m2\repository\org\junit\platform\junit-platform-engine\1.10.2\junit-platform-engine-1.10.2.jar;C:\Users\Дмитрий\.m2\repository\org\slf4j\slf4j-simple\2.0.12\slf4j-simple-2.0.12.jar;C:\Users\Дмитрий\.m2\repository\org\slf4j\slf4j-api\2.0.12\slf4j-api-2.0.12.jar;"/>
    <property name="java.vm.vendor" value="Oracle Corporation"/>
    <property name="sun.arch.data.model" value="64"/>
    <property name="user.variant" value=""/>
    <property name="java.vendor.url" value="https://java.oracle.com/"/>
    <property name="user.timezone" value="Europe/Moscow"/>
    <property name="os.name" value="Windows 10"/>
    <property name="java.vm.specification.version" value="22"/>
    <property name="sun.java.launcher" value="SUN_STANDARD"/>
    <property name="user.country" value="RU"/>
    <property name="sun.boot.library.path" value="C:\Users\Дмитрий\.jdks\openjdk-22.0.2\bin"/>
    <property name="sun.java.command" value="C:\Users\Дмитрий\AppData\Local\Temp\surefire16573610059457762503\surefirebooter-20240719133611823_3.jar C:\Users\Дмитрий\AppData\Local\Temp\surefire16573610059457762503 2024-07-19T13-36-10_160-jvmRun1 surefire-20240719133611823_1tmp surefire_0-20240719133611823_2tmp"/>
    <property name="jdk.debug" value="release"/>
    <property name="surefire.test.class.path" value="C:\Users\Дмитрий\allure-testops\project1\target\test-classes;C:\Users\Дмитрий\allure-testops\project1\target\classes;C:\Users\Дмитрий\.m2\repository\io\qameta\allure\allure-junit5\2.26.0\allure-junit5-2.26.0.jar;C:\Users\Дмитрий\.m2\repository\io\qameta\allure\allure-junit-platform\2.26.0\allure-junit-platform-2.26.0.jar;C:\Users\Дмитрий\.m2\repository\io\qameta\allure\allure-java-commons\2.26.0\allure-java-commons-2.26.0.jar;C:\Users\Дмитрий\.m2\repository\io\qameta\allure\allure-model\2.26.0\allure-model-2.26.0.jar;C:\Users\Дмитрий\.m2\repository\io\qameta\allure\allure-test-filter\2.26.0\allure-test-filter-2.26.0.jar;C:\Users\Дмитрий\.m2\repository\org\junit\jupiter\junit-jupiter-api\5.10.2\junit-jupiter-api-5.10.2.jar;C:\Users\Дмитрий\.m2\repository\org\opentest4j\opentest4j\1.3.0\opentest4j-1.3.0.jar;C:\Users\Дмитрий\.m2\repository\org\junit\platform\junit-platform-commons\1.10.2\junit-platform-commons-1.10.2.jar;C:\Users\Дмитрий\.m2\repository\org\apiguardian\apiguardian-api\1.1.2\apiguardian-api-1.1.2.jar;C:\Users\Дмитрий\.m2\repository\org\junit\platform\junit-platform-launcher\1.10.2\junit-platform-launcher-1.10.2.jar;C:\Users\Дмитрий\.m2\repository\org\junit\platform\junit-platform-engine\1.10.2\junit-platform-engine-1.10.2.jar;C:\Users\Дмитрий\.m2\repository\org\slf4j\slf4j-simple\2.0.12\slf4j-simple-2.0.12.jar;C:\Users\Дмитрий\.m2\repository\org\slf4j\slf4j-api\2.0.12\slf4j-api-2.0.12.jar;"/>
    <property name="sun.cpu.endian" value="little"/>
    <property name="user.home" value="C:\Users\Дмитрий"/>
    <property name="user.language" value="ru"/>
    <property name="java.specification.vendor" value="Oracle Corporation"/>
    <property name="java.version.date" value="2024-07-16"/>
    <property name="java.home" value="C:\Users\Дмитрий\.jdks\openjdk-22.0.2"/>
    <property name="file.separator" value="\"/>
    <property name="basedir" value="C:\Users\Дмитрий\allure-testops\project1"/>
    <property name="java.vm.compressedOopsMode" value="Zero based"/>
    <property name="line.separator" value="&#10;"/>
    <property name="java.vm.specification.vendor" value="Oracle Corporation"/>
    <property name="java.specification.name" value="Java Platform API Specification"/>
    <property name="surefire.real.class.path" value="C:\Users\Дмитрий\AppData\Local\Temp\surefire16573610059457762503\surefirebooter-20240719133611823_3.jar"/>
    <property name="user.script" value=""/>
    <property name="sun.management.compiler" value="HotSpot 64-Bit Tiered Compilers"/>
    <property name="java.runtime.version" value="22.0.2+9-70"/>
    <property name="user.name" value="Дмитрий"/>
    <property name="stdout.encoding" value="Cp1251"/>
    <property name="path.separator" value=";"/>
    <property name="os.version" value="10.0"/>
    <property name="java.runtime.name" value="OpenJDK Runtime Environment"/>
    <property name="file.encoding" value="UTF-8"/>
    <property name="java.vm.name" value="OpenJDK 64-Bit Server VM"/>
    <property name="localRepository" value="C:\Users\Дмитрий\.m2\repository"/>
    <property name="java.vendor.url.bug" value="https://bugreport.java.com/bugreport/"/>
    <property name="java.io.tmpdir" value="C:\Users\AACE~1\AppData\Local\Temp\"/>
    <property name="idea.version" value="2021.1.3"/>
    <property name="java.version" value="22.0.2"/>
    <property name="user.dir" value="C:\Users\Дмитрий\allure-testops\project1"/>
    <property name="os.arch" value="amd64"/>
    <property name="java.vm.specification.name" value="Java Virtual Machine Specification"/>
    <property name="sun.os.patch.level" value=""/>
    <property name="native.encoding" value="Cp1251"/>
    <property name="java.library.path" value="C:\Users\Дмитрий\.jdks\openjdk-22.0.2\bin;C:\Windows\Sun\Java\bin;C:\Windows\system32;C:\Windows;C:\Program Files (x86)\Common Files\Oracle\Java\java8path;C:\Program Files (x86)\Common Files\Oracle\Java\javapath;C:\Windows\system32;C:\Windows;C:\Windows\System32\Wbem;C:\Windows\System32\WindowsPowerShell\v1.0\;C:\Windows\System32\OpenSSH\;C:\Program Files (x86)\NVIDIA Corporation\PhysX\Common;C:\Program Files\NVIDIA Corporation\NVIDIA NvDLISR;C:\Program Files\dotnet\;C:\Program Files\Docker\Docker\resources\bin;C:\Program Files\Git\cmd;C:\Users\Дмитрий\AppData\Local\Microsoft\WindowsApps;c:\allure1\bin;c:\allure1\bin;C:\allure\bin;."/>
    <property name="java.vm.info" value="mixed mode, sharing"/>
    <property name="stderr.encoding" value="Cp1251"/>
    <property name="java.vendor" value="Oracle Corporation"/>
    <property name="java.vm.version" value="22.0.2+9-70"/>
    <property name="sun.io.unicode.encoding" value="UnicodeLittle"/>
    <property name="java.class.version" value="66.0"/>
  </properties>
  <testcase name="lambdaStepTest" classname="org.example.junit5.StepTest" time="0.016"/>
  <testcase name="annotatedStepTest" classname="org.example.junit5.StepTest" time="0.015"/>
</testsuite>